# JRE version: OpenJDK Runtime Environment (21.0.8) (build 21.0.8+-14018985-b1038.68)
# Java VM: OpenJDK 64-Bit Server VM (21.0.8+-14018985-b1038.68, mixed mode, tiered, compressed oops, compressed class ptrs, g1 gc, windows-amd64)
GC Precious Log:
 CardTable entry size: 512
 Card Set container configuration: InlinePtr #cards 5 size 8 Array Of Cards #cards 12 size 40 Howl #buckets 4 coarsen threshold 1843 Howl Bitmap #cards 512 size 80 coarsen threshold 460 Card regions per heap region 1 cards per card region 2048
 CPUs: 12 total, 12 available
 Memory: 16087M
 Large Page Support: Disabled
 NUMA Support: Disabled
 Compressed Oops: Enabled (32-bit)
 Heap Region Size: 1M
 Heap Min Capacity: 8M
 Heap Initial Capacity: 252M
 Heap Max Capacity: 2G
 Pre-touch: Disabled
 Parallel Workers: 10
 Concurrent Workers: 3
 Concurrent Refinement Workers: 10
 Periodic GC: Disabled
Heap:
 garbage-first heap   total 285696K, used 176348K [0x0000000080000000, 0x0000000100000000)
  region size 1024K, 13 young (13312K), 7 survivors (7168K)
 Metaspace       used 123154K, committed 125376K, reserved 1179648K
  class space    used 17142K, committed 18240K, reserved 1048576K
GC Heap History (20 events):
Event: 22.079 GC heap before
{Heap before GC invocations=34 (full 0):
 garbage-first heap   total 227328K, used 206502K [0x0000000080000000, 0x0000000100000000)
  region size 1024K, 71 young (72704K), 7 survivors (7168K)
 Metaspace       used 99232K, committed 101184K, reserved 1179648K
  class space    used 13755K, committed 14720K, reserved 1048576K
}
Event: 22.086 GC heap after
{Heap after GC invocations=35 (full 0):
 garbage-first heap   total 227328K, used 143569K [0x0000000080000000, 0x0000000100000000)
  region size 1024K, 4 young (4096K), 4 survivors (4096K)
 Metaspace       used 99232K, committed 101184K, reserved 1179648K
  class space    used 13755K, committed 14720K, reserved 1048576K
}
Event: 22.952 GC heap before
{Heap before GC invocations=35 (full 0):
 garbage-first heap   total 227328K, used 210129K [0x0000000080000000, 0x0000000100000000)
  region size 1024K, 69 young (70656K), 4 survivors (4096K)
 Metaspace       used 103881K, committed 105856K, reserved 1179648K
  class space    used 14452K, committed 15424K, reserved 1048576K
}
Event: 22.959 GC heap after
{Heap after GC invocations=36 (full 0):
 garbage-first heap   total 227328K, used 145855K [0x0000000080000000, 0x0000000100000000)
  region size 1024K, 6 young (6144K), 6 survivors (6144K)
 Metaspace       used 103881K, committed 105856K, reserved 1179648K
  class space    used 14452K, committed 15424K, reserved 1048576K
}
Event: 23.593 GC heap before
{Heap before GC invocations=37 (full 0):
 garbage-first heap   total 244736K, used 207295K [0x0000000080000000, 0x0000000100000000)
  region size 1024K, 66 young (67584K), 6 survivors (6144K)
 Metaspace       used 106252K, committed 108288K, reserved 1179648K
  class space    used 14755K, committed 15744K, reserved 1048576K
}
Event: 23.602 GC heap after
{Heap after GC invocations=38 (full 0):
 garbage-first heap   total 244736K, used 150346K [0x0000000080000000, 0x0000000100000000)
  region size 1024K, 7 young (7168K), 7 survivors (7168K)
 Metaspace       used 106252K, committed 108288K, reserved 1179648K
  class space    used 14755K, committed 15744K, reserved 1048576K
}
Event: 24.760 GC heap before
{Heap before GC invocations=38 (full 0):
 garbage-first heap   total 244736K, used 224074K [0x0000000080000000, 0x0000000100000000)
  region size 1024K, 79 young (80896K), 7 survivors (7168K)
 Metaspace       used 111868K, committed 113984K, reserved 1179648K
  class space    used 15716K, committed 16768K, reserved 1048576K
}
Event: 24.768 GC heap after
{Heap after GC invocations=39 (full 0):
 garbage-first heap   total 244736K, used 151669K [0x0000000080000000, 0x0000000100000000)
  region size 1024K, 7 young (7168K), 7 survivors (7168K)
 Metaspace       used 111868K, committed 113984K, reserved 1179648K
  class space    used 15716K, committed 16768K, reserved 1048576K
}
Event: 26.188 GC heap before
{Heap before GC invocations=39 (full 0):
 garbage-first heap   total 244736K, used 222325K [0x0000000080000000, 0x0000000100000000)
  region size 1024K, 77 young (78848K), 7 survivors (7168K)
 Metaspace       used 116840K, committed 118976K, reserved 1179648K
  class space    used 16350K, committed 17408K, reserved 1048576K
}
Event: 26.203 GC heap after
{Heap after GC invocations=40 (full 0):
 garbage-first heap   total 244736K, used 157796K [0x0000000080000000, 0x0000000100000000)
  region size 1024K, 9 young (9216K), 9 survivors (9216K)
 Metaspace       used 116840K, committed 118976K, reserved 1179648K
  class space    used 16350K, committed 17408K, reserved 1048576K
}
Event: 27.314 GC heap before
{Heap before GC invocations=41 (full 0):
 garbage-first heap   total 273408K, used 227428K [0x0000000080000000, 0x0000000100000000)
  region size 1024K, 70 young (71680K), 9 survivors (9216K)
 Metaspace       used 122914K, committed 125056K, reserved 1179648K
  class space    used 17121K, committed 18176K, reserved 1048576K
}
Event: 27.330 GC heap after
{Heap after GC invocations=42 (full 0):
 garbage-first heap   total 273408K, used 165029K [0x0000000080000000, 0x0000000100000000)
  region size 1024K, 6 young (6144K), 6 survivors (6144K)
 Metaspace       used 122914K, committed 125056K, reserved 1179648K
  class space    used 17121K, committed 18176K, reserved 1048576K
}
Event: 28.367 GC heap before
{Heap before GC invocations=42 (full 0):
 garbage-first heap   total 273408K, used 251045K [0x0000000080000000, 0x0000000100000000)
  region size 1024K, 90 young (92160K), 6 survivors (6144K)
 Metaspace       used 122914K, committed 125056K, reserved 1179648K
  class space    used 17121K, committed 18176K, reserved 1048576K
}
Event: 28.376 GC heap after
{Heap after GC invocations=43 (full 0):
 garbage-first heap   total 273408K, used 167359K [0x0000000080000000, 0x0000000100000000)
  region size 1024K, 8 young (8192K), 8 survivors (8192K)
 Metaspace       used 122914K, committed 125056K, reserved 1179648K
  class space    used 17121K, committed 18176K, reserved 1048576K
}
Event: 29.153 GC heap before
{Heap before GC invocations=43 (full 0):
 garbage-first heap   total 273408K, used 249279K [0x0000000080000000, 0x0000000100000000)
  region size 1024K, 88 young (90112K), 8 survivors (8192K)
 Metaspace       used 122915K, committed 125056K, reserved 1179648K
  class space    used 17121K, committed 18176K, reserved 1048576K
}
Event: 29.159 GC heap after
{Heap after GC invocations=44 (full 0):
 garbage-first heap   total 273408K, used 168420K [0x0000000080000000, 0x0000000100000000)
  region size 1024K, 7 young (7168K), 7 survivors (7168K)
 Metaspace       used 122915K, committed 125056K, reserved 1179648K
  class space    used 17121K, committed 18176K, reserved 1048576K
}
Event: 30.007 GC heap before
{Heap before GC invocations=44 (full 0):
 garbage-first heap   total 273408K, used 251364K [0x0000000080000000, 0x0000000100000000)
  region size 1024K, 88 young (90112K), 7 survivors (7168K)
 Metaspace       used 122915K, committed 125056K, reserved 1179648K
  class space    used 17121K, committed 18176K, reserved 1048576K
}
Event: 30.014 GC heap after
{Heap after GC invocations=45 (full 0):
 garbage-first heap   total 273408K, used 170008K [0x0000000080000000, 0x0000000100000000)
  region size 1024K, 7 young (7168K), 7 survivors (7168K)
 Metaspace       used 122915K, committed 125056K, reserved 1179648K
  class space    used 17121K, committed 18176K, reserved 1048576K
}
Event: 31.058 GC heap before
{Heap before GC invocations=46 (full 0):
 garbage-first heap   total 285696K, used 249880K [0x0000000080000000, 0x0000000100000000)
  region size 1024K, 85 young (87040K), 7 survivors (7168K)
 Metaspace       used 123115K, committed 125312K, reserved 1179648K
  class space    used 17142K, committed 18240K, reserved 1048576K
}
Event: 32.042 GC heap after
{Heap after GC invocations=47 (full 0):
 garbage-first heap   total 285696K, used 172252K [0x0000000080000000, 0x0000000100000000)
  region size 1024K, 7 young (7168K), 7 survivors (7168K)
 Metaspace       used 123115K, committed 125312K, reserved 1179648K
  class space    used 17142K, committed 18240K, reserved 1048576K
}

