# JRE version: OpenJDK Runtime Environment (21.0.8) (build 21.0.8+-14018985-b1038.68)
# Java VM: OpenJDK 64-Bit Server VM (21.0.8+-14018985-b1038.68, mixed mode, tiered, compressed oops, compressed class ptrs, g1 gc, windows-amd64)
GC Precious Log:
 CardTable entry size: 512
 Card Set container configuration: InlinePtr #cards 5 size 8 Array Of Cards #cards 12 size 40 Howl #buckets 4 coarsen threshold 1843 Howl Bitmap #cards 512 size 80 coarsen threshold 460 Card regions per heap region 1 cards per card region 2048
 CPUs: 12 total, 12 available
 Memory: 16087M
 Large Page Support: Disabled
 NUMA Support: Disabled
 Compressed Oops: Enabled (32-bit)
 Heap Region Size: 1M
 Heap Min Capacity: 8M
 Heap Initial Capacity: 252M
 Heap Max Capacity: 2G
 Pre-touch: Disabled
 Parallel Workers: 10
 Concurrent Workers: 3
 Concurrent Refinement Workers: 10
 Periodic GC: Disabled
Heap:
 garbage-first heap   total 274432K, used 186562K [0x0000000080000000, 0x0000000100000000)
  region size 1024K, 51 young (52224K), 8 survivors (8192K)
 Metaspace       used 129540K, committed 131904K, reserved 1179648K
  class space    used 18025K, committed 19200K, reserved 1048576K
GC Heap History (20 events):
Event: 15.107 GC heap before
{Heap before GC invocations=42 (full 0):
 garbage-first heap   total 189440K, used 172722K [0x0000000080000000, 0x0000000100000000)
  region size 1024K, 67 young (68608K), 10 survivors (10240K)
 Metaspace       used 123203K, committed 125376K, reserved 1179648K
  class space    used 17149K, committed 18176K, reserved 1048576K
}
Event: 15.116 GC heap after
{Heap after GC invocations=43 (full 0):
 garbage-first heap   total 196608K, used 119808K [0x0000000080000000, 0x0000000100000000)
  region size 1024K, 9 young (9216K), 9 survivors (9216K)
 Metaspace       used 123203K, committed 125376K, reserved 1179648K
  class space    used 17149K, committed 18176K, reserved 1048576K
}
Event: 15.311 GC heap before
{Heap before GC invocations=43 (full 0):
 garbage-first heap   total 196608K, used 175104K [0x0000000080000000, 0x0000000100000000)
  region size 1024K, 64 young (65536K), 9 survivors (9216K)
 Metaspace       used 123382K, committed 125504K, reserved 1179648K
  class space    used 17156K, committed 18176K, reserved 1048576K
}
Event: 15.317 GC heap after
{Heap after GC invocations=44 (full 0):
 garbage-first heap   total 196608K, used 126716K [0x0000000080000000, 0x0000000100000000)
  region size 1024K, 7 young (7168K), 7 survivors (7168K)
 Metaspace       used 123382K, committed 125504K, reserved 1179648K
  class space    used 17156K, committed 18176K, reserved 1048576K
}
Event: 15.464 GC heap before
{Heap before GC invocations=45 (full 0):
 garbage-first heap   total 214016K, used 175868K [0x0000000080000000, 0x0000000100000000)
  region size 1024K, 56 young (57344K), 7 survivors (7168K)
 Metaspace       used 123387K, committed 125568K, reserved 1179648K
  class space    used 17156K, committed 18176K, reserved 1048576K
}
Event: 15.467 GC heap after
{Heap after GC invocations=46 (full 0):
 garbage-first heap   total 214016K, used 128310K [0x0000000080000000, 0x0000000100000000)
  region size 1024K, 5 young (5120K), 5 survivors (5120K)
 Metaspace       used 123387K, committed 125568K, reserved 1179648K
  class space    used 17156K, committed 18176K, reserved 1048576K
}
Event: 15.649 GC heap before
{Heap before GC invocations=46 (full 0):
 garbage-first heap   total 214016K, used 190774K [0x0000000080000000, 0x0000000100000000)
  region size 1024K, 67 young (68608K), 5 survivors (5120K)
 Metaspace       used 123702K, committed 125888K, reserved 1179648K
  class space    used 17226K, committed 18304K, reserved 1048576K
}
Event: 15.653 GC heap after
{Heap after GC invocations=47 (full 0):
 garbage-first heap   total 214016K, used 128390K [0x0000000080000000, 0x0000000100000000)
  region size 1024K, 6 young (6144K), 6 survivors (6144K)
 Metaspace       used 123702K, committed 125888K, reserved 1179648K
  class space    used 17226K, committed 18304K, reserved 1048576K
}
Event: 15.928 GC heap before
{Heap before GC invocations=47 (full 0):
 garbage-first heap   total 214016K, used 192902K [0x0000000080000000, 0x0000000100000000)
  region size 1024K, 70 young (71680K), 6 survivors (6144K)
 Metaspace       used 123959K, committed 126144K, reserved 1179648K
  class space    used 17259K, committed 18368K, reserved 1048576K
}
Event: 15.934 GC heap after
{Heap after GC invocations=48 (full 0):
 garbage-first heap   total 214016K, used 130945K [0x0000000080000000, 0x0000000100000000)
  region size 1024K, 7 young (7168K), 7 survivors (7168K)
 Metaspace       used 123959K, committed 126144K, reserved 1179648K
  class space    used 17259K, committed 18368K, reserved 1048576K
}
Event: 16.112 GC heap before
{Heap before GC invocations=49 (full 0):
 garbage-first heap   total 219136K, used 193409K [0x0000000080000000, 0x0000000100000000)
  region size 1024K, 69 young (70656K), 7 survivors (7168K)
 Metaspace       used 124037K, committed 126272K, reserved 1179648K
  class space    used 17272K, committed 18368K, reserved 1048576K
}
Event: 16.116 GC heap after
{Heap after GC invocations=50 (full 0):
 garbage-first heap   total 219136K, used 133254K [0x0000000080000000, 0x0000000100000000)
  region size 1024K, 5 young (5120K), 5 survivors (5120K)
 Metaspace       used 124037K, committed 126272K, reserved 1179648K
  class space    used 17272K, committed 18368K, reserved 1048576K
}
Event: 16.227 GC heap before
{Heap before GC invocations=50 (full 0):
 garbage-first heap   total 219136K, used 199814K [0x0000000080000000, 0x0000000100000000)
  region size 1024K, 71 young (72704K), 5 survivors (5120K)
 Metaspace       used 124037K, committed 126272K, reserved 1179648K
  class space    used 17272K, committed 18368K, reserved 1048576K
}
Event: 16.230 GC heap after
{Heap after GC invocations=51 (full 0):
 garbage-first heap   total 274432K, used 133029K [0x0000000080000000, 0x0000000100000000)
  region size 1024K, 7 young (7168K), 7 survivors (7168K)
 Metaspace       used 124037K, committed 126272K, reserved 1179648K
  class space    used 17272K, committed 18368K, reserved 1048576K
}
Event: 16.911 GC heap before
{Heap before GC invocations=51 (full 0):
 garbage-first heap   total 274432K, used 244645K [0x0000000080000000, 0x0000000100000000)
  region size 1024K, 117 young (119808K), 7 survivors (7168K)
 Metaspace       used 127530K, committed 129856K, reserved 1179648K
  class space    used 17730K, committed 18880K, reserved 1048576K
}
Event: 16.917 GC heap after
{Heap after GC invocations=52 (full 0):
 garbage-first heap   total 274432K, used 139444K [0x0000000080000000, 0x0000000100000000)
  region size 1024K, 13 young (13312K), 13 survivors (13312K)
 Metaspace       used 127530K, committed 129856K, reserved 1179648K
  class space    used 17730K, committed 18880K, reserved 1048576K
}
Event: 17.105 GC heap before
{Heap before GC invocations=52 (full 0):
 garbage-first heap   total 274432K, used 244916K [0x0000000080000000, 0x0000000100000000)
  region size 1024K, 117 young (119808K), 13 survivors (13312K)
 Metaspace       used 128650K, committed 130880K, reserved 1179648K
  class space    used 17898K, committed 19008K, reserved 1048576K
}
Event: 17.111 GC heap after
{Heap after GC invocations=53 (full 0):
 garbage-first heap   total 274432K, used 142842K [0x0000000080000000, 0x0000000100000000)
  region size 1024K, 7 young (7168K), 7 survivors (7168K)
 Metaspace       used 128650K, committed 130880K, reserved 1179648K
  class space    used 17898K, committed 19008K, reserved 1048576K
}
Event: 30.400 GC heap before
{Heap before GC invocations=53 (full 0):
 garbage-first heap   total 274432K, used 248314K [0x0000000080000000, 0x0000000100000000)
  region size 1024K, 111 young (113664K), 7 survivors (7168K)
 Metaspace       used 129110K, committed 131456K, reserved 1179648K
  class space    used 17962K, committed 19136K, reserved 1048576K
}
Event: 30.405 GC heap after
{Heap after GC invocations=54 (full 0):
 garbage-first heap   total 274432K, used 144578K [0x0000000080000000, 0x0000000100000000)
  region size 1024K, 8 young (8192K), 8 survivors (8192K)
 Metaspace       used 129110K, committed 131456K, reserved 1179648K
  class space    used 17962K, committed 19136K, reserved 1048576K
}

