# JRE version: OpenJDK Runtime Environment (21.0.8) (build 21.0.8+-14018985-b1038.68)
# Java VM: OpenJDK 64-Bit Server VM (21.0.8+-14018985-b1038.68, mixed mode, tiered, compressed oops, compressed class ptrs, g1 gc, windows-amd64)
GC Precious Log:
 CardTable entry size: 512
 Card Set container configuration: InlinePtr #cards 4 size 8 Array Of Cards #cards 16 size 48 Howl #buckets 8 coarsen threshold 3686 Howl Bitmap #cards 512 size 80 coarsen threshold 460 Card regions per heap region 1 cards per card region 4096
 CPUs: 12 total, 12 available
 Memory: 16087M
 Large Page Support: Disabled
 NUMA Support: Disabled
 Compressed Oops: Enabled (Zero based)
 Heap Region Size: 2M
 Heap Min Capacity: 8M
 Heap Initial Capacity: 252M
 Heap Max Capacity: 4022M
 Pre-touch: Disabled
 Parallel Workers: 10
 Concurrent Workers: 3
 Concurrent Refinement Workers: 10
 Periodic GC: Disabled
Heap:
 garbage-first heap   total 233472K, used 166400K [0x0000000704a00000, 0x0000000800000000)
  region size 2048K, 19 young (38912K), 5 survivors (10240K)
 Metaspace       used 89546K, committed 89920K, reserved 1179648K
  class space    used 9566K, committed 9728K, reserved 1048576K
GC Heap History (20 events):
Event: 5.203 GC heap before
{Heap before GC invocations=13 (full 0):
 garbage-first heap   total 151552K, used 117758K [0x0000000704a00000, 0x0000000800000000)
  region size 2048K, 29 young (59392K), 5 survivors (10240K)
 Metaspace       used 65927K, committed 66176K, reserved 1114112K
  class space    used 7561K, committed 7680K, reserved 1048576K
}
Event: 5.216 GC heap after
{Heap after GC invocations=14 (full 0):
 garbage-first heap   total 182272K, used 79758K [0x0000000704a00000, 0x0000000800000000)
  region size 2048K, 4 young (8192K), 4 survivors (8192K)
 Metaspace       used 65927K, committed 66176K, reserved 1114112K
  class space    used 7561K, committed 7680K, reserved 1048576K
}
Event: 5.773 GC heap before
{Heap before GC invocations=14 (full 0):
 garbage-first heap   total 182272K, used 145294K [0x0000000704a00000, 0x0000000800000000)
  region size 2048K, 36 young (73728K), 4 survivors (8192K)
 Metaspace       used 66709K, committed 67008K, reserved 1114112K
  class space    used 7591K, committed 7680K, reserved 1048576K
}
Event: 5.783 GC heap after
{Heap after GC invocations=15 (full 0):
 garbage-first heap   total 182272K, used 94208K [0x0000000704a00000, 0x0000000800000000)
  region size 2048K, 5 young (10240K), 5 survivors (10240K)
 Metaspace       used 66709K, committed 67008K, reserved 1114112K
  class space    used 7591K, committed 7680K, reserved 1048576K
}
Event: 6.368 GC heap before
{Heap before GC invocations=15 (full 0):
 garbage-first heap   total 182272K, used 149504K [0x0000000704a00000, 0x0000000800000000)
  region size 2048K, 32 young (65536K), 5 survivors (10240K)
 Metaspace       used 67248K, committed 67584K, reserved 1114112K
  class space    used 7603K, committed 7744K, reserved 1048576K
}
Event: 6.376 GC heap after
{Heap after GC invocations=16 (full 0):
 garbage-first heap   total 182272K, used 100324K [0x0000000704a00000, 0x0000000800000000)
  region size 2048K, 3 young (6144K), 3 survivors (6144K)
 Metaspace       used 67248K, committed 67584K, reserved 1114112K
  class space    used 7603K, committed 7744K, reserved 1048576K
}
Event: 7.159 GC heap before
{Heap before GC invocations=17 (full 0):
 garbage-first heap   total 182272K, used 153572K [0x0000000704a00000, 0x0000000800000000)
  region size 2048K, 29 young (59392K), 3 survivors (6144K)
 Metaspace       used 69700K, committed 69952K, reserved 1114112K
  class space    used 7786K, committed 7872K, reserved 1048576K
}
Event: 7.165 GC heap after
{Heap after GC invocations=18 (full 0):
 garbage-first heap   total 182272K, used 102978K [0x0000000704a00000, 0x0000000800000000)
  region size 2048K, 2 young (4096K), 2 survivors (4096K)
 Metaspace       used 69700K, committed 69952K, reserved 1114112K
  class space    used 7786K, committed 7872K, reserved 1048576K
}
Event: 7.970 GC heap before
{Heap before GC invocations=18 (full 0):
 garbage-first heap   total 182272K, used 158274K [0x0000000704a00000, 0x0000000800000000)
  region size 2048K, 29 young (59392K), 2 survivors (4096K)
 Metaspace       used 70998K, committed 71296K, reserved 1114112K
  class space    used 7832K, committed 7936K, reserved 1048576K
}
Event: 7.976 GC heap after
{Heap after GC invocations=19 (full 0):
 garbage-first heap   total 182272K, used 107982K [0x0000000704a00000, 0x0000000800000000)
  region size 2048K, 4 young (8192K), 4 survivors (8192K)
 Metaspace       used 70998K, committed 71296K, reserved 1114112K
  class space    used 7832K, committed 7936K, reserved 1048576K
}
Event: 8.394 GC heap before
{Heap before GC invocations=19 (full 0):
 garbage-first heap   total 182272K, used 157134K [0x0000000704a00000, 0x0000000800000000)
  region size 2048K, 29 young (59392K), 4 survivors (8192K)
 Metaspace       used 72078K, committed 72384K, reserved 1114112K
  class space    used 7898K, committed 8000K, reserved 1048576K
}
Event: 8.404 GC heap after
{Heap after GC invocations=20 (full 0):
 garbage-first heap   total 182272K, used 116703K [0x0000000704a00000, 0x0000000800000000)
  region size 2048K, 4 young (8192K), 4 survivors (8192K)
 Metaspace       used 72078K, committed 72384K, reserved 1114112K
  class space    used 7898K, committed 8000K, reserved 1048576K
}
Event: 9.124 GC heap before
{Heap before GC invocations=21 (full 0):
 garbage-first heap   total 194560K, used 159711K [0x0000000704a00000, 0x0000000800000000)
  region size 2048K, 26 young (53248K), 4 survivors (8192K)
 Metaspace       used 78379K, committed 78656K, reserved 1179648K
  class space    used 8479K, committed 8576K, reserved 1048576K
}
Event: 9.133 GC heap after
{Heap after GC invocations=22 (full 0):
 garbage-first heap   total 194560K, used 123214K [0x0000000704a00000, 0x0000000800000000)
  region size 2048K, 4 young (8192K), 4 survivors (8192K)
 Metaspace       used 78379K, committed 78656K, reserved 1179648K
  class space    used 8479K, committed 8576K, reserved 1048576K
}
Event: 9.548 GC heap before
{Heap before GC invocations=22 (full 0):
 garbage-first heap   total 194560K, used 172366K [0x0000000704a00000, 0x0000000800000000)
  region size 2048K, 28 young (57344K), 4 survivors (8192K)
 Metaspace       used 80341K, committed 80704K, reserved 1179648K
  class space    used 8627K, committed 8768K, reserved 1048576K
}
Event: 9.556 GC heap after
{Heap after GC invocations=23 (full 0):
 garbage-first heap   total 194560K, used 127670K [0x0000000704a00000, 0x0000000800000000)
  region size 2048K, 4 young (8192K), 4 survivors (8192K)
 Metaspace       used 80341K, committed 80704K, reserved 1179648K
  class space    used 8627K, committed 8768K, reserved 1048576K
}
Event: 9.891 GC heap before
{Heap before GC invocations=23 (full 0):
 garbage-first heap   total 194560K, used 172726K [0x0000000704a00000, 0x0000000800000000)
  region size 2048K, 26 young (53248K), 4 survivors (8192K)
 Metaspace       used 82011K, committed 82304K, reserved 1179648K
  class space    used 8784K, committed 8896K, reserved 1048576K
}
Event: 9.899 GC heap after
{Heap after GC invocations=24 (full 0):
 garbage-first heap   total 233472K, used 133412K [0x0000000704a00000, 0x0000000800000000)
  region size 2048K, 3 young (6144K), 3 survivors (6144K)
 Metaspace       used 82011K, committed 82304K, reserved 1179648K
  class space    used 8784K, committed 8896K, reserved 1048576K
}
Event: 10.769 GC heap before
{Heap before GC invocations=25 (full 0):
 garbage-first heap   total 233472K, used 203044K [0x0000000704a00000, 0x0000000800000000)
  region size 2048K, 38 young (77824K), 3 survivors (6144K)
 Metaspace       used 86086K, committed 86528K, reserved 1179648K
  class space    used 9200K, committed 9408K, reserved 1048576K
}
Event: 10.777 GC heap after
{Heap after GC invocations=26 (full 0):
 garbage-first heap   total 233472K, used 139776K [0x0000000704a00000, 0x0000000800000000)
  region size 2048K, 5 young (10240K), 5 survivors (10240K)
 Metaspace       used 86086K, committed 86528K, reserved 1179648K
  class space    used 9200K, committed 9408K, reserved 1048576K
}

