# JRE version: OpenJDK Runtime Environment (21.0.8) (build 21.0.8+-14018985-b1038.68)
# Java VM: OpenJDK 64-Bit Server VM (21.0.8+-14018985-b1038.68, mixed mode, tiered, compressed oops, compressed class ptrs, g1 gc, windows-amd64)
GC Precious Log:
 CardTable entry size: 512
 Card Set container configuration: InlinePtr #cards 4 size 8 Array Of Cards #cards 16 size 48 Howl #buckets 8 coarsen threshold 3686 Howl Bitmap #cards 512 size 80 coarsen threshold 460 Card regions per heap region 1 cards per card region 4096
 CPUs: 12 total, 12 available
 Memory: 16087M
 Large Page Support: Disabled
 NUMA Support: Disabled
 Compressed Oops: Enabled (Zero based)
 Heap Region Size: 2M
 Heap Min Capacity: 8M
 Heap Initial Capacity: 252M
 Heap Max Capacity: 4022M
 Pre-touch: Disabled
 Parallel Workers: 10
 Concurrent Workers: 3
 Concurrent Refinement Workers: 10
 Periodic GC: Disabled
Heap:
 garbage-first heap   total 184320K, used 125355K [0x0000000704a00000, 0x0000000800000000)
  region size 2048K, 21 young (43008K), 5 survivors (10240K)
 Metaspace       used 64203K, committed 64512K, reserved 1114112K
  class space    used 7073K, committed 7232K, reserved 1048576K
GC Heap History (20 events):
Event: 1.656 GC heap before
{Heap before GC invocations=5 (full 0):
 garbage-first heap   total 47104K, used 34882K [0x0000000704a00000, 0x0000000800000000)
  region size 2048K, 10 young (20480K), 2 survivors (4096K)
 Metaspace       used 33155K, committed 33408K, reserved 1114112K
  class space    used 4133K, committed 4224K, reserved 1048576K
}
Event: 1.659 GC heap after
{Heap after GC invocations=6 (full 0):
 garbage-first heap   total 47104K, used 19389K [0x0000000704a00000, 0x0000000800000000)
  region size 2048K, 2 young (4096K), 2 survivors (4096K)
 Metaspace       used 33155K, committed 33408K, reserved 1114112K
  class space    used 4133K, committed 4224K, reserved 1048576K
}
Event: 1.829 GC heap before
{Heap before GC invocations=6 (full 0):
 garbage-first heap   total 47104K, used 29629K [0x0000000704a00000, 0x0000000800000000)
  region size 2048K, 8 young (16384K), 2 survivors (4096K)
 Metaspace       used 35746K, committed 35968K, reserved 1114112K
  class space    used 4419K, committed 4544K, reserved 1048576K
}
Event: 1.833 GC heap after
{Heap after GC invocations=7 (full 0):
 garbage-first heap   total 47104K, used 20465K [0x0000000704a00000, 0x0000000800000000)
  region size 2048K, 2 young (4096K), 2 survivors (4096K)
 Metaspace       used 35746K, committed 35968K, reserved 1114112K
  class space    used 4419K, committed 4544K, reserved 1048576K
}
Event: 2.091 GC heap before
{Heap before GC invocations=8 (full 0):
 garbage-first heap   total 47104K, used 34801K [0x0000000704a00000, 0x0000000800000000)
  region size 2048K, 10 young (20480K), 2 survivors (4096K)
 Metaspace       used 39804K, committed 40064K, reserved 1114112K
  class space    used 4822K, committed 4928K, reserved 1048576K
}
Event: 2.095 GC heap after
{Heap after GC invocations=9 (full 0):
 garbage-first heap   total 153600K, used 21440K [0x0000000704a00000, 0x0000000800000000)
  region size 2048K, 1 young (2048K), 1 survivors (2048K)
 Metaspace       used 39804K, committed 40064K, reserved 1114112K
  class space    used 4822K, committed 4928K, reserved 1048576K
}
Event: 3.232 GC heap before
{Heap before GC invocations=9 (full 0):
 garbage-first heap   total 153600K, used 109504K [0x0000000704a00000, 0x0000000800000000)
  region size 2048K, 45 young (92160K), 1 survivors (2048K)
 Metaspace       used 50098K, committed 50368K, reserved 1114112K
  class space    used 5835K, committed 5952K, reserved 1048576K
}
Event: 3.246 GC heap after
{Heap after GC invocations=10 (full 0):
 garbage-first heap   total 153600K, used 41310K [0x0000000704a00000, 0x0000000800000000)
  region size 2048K, 6 young (12288K), 6 survivors (12288K)
 Metaspace       used 50098K, committed 50368K, reserved 1114112K
  class space    used 5835K, committed 5952K, reserved 1048576K
}
Event: 3.863 GC heap before
{Heap before GC invocations=10 (full 0):
 garbage-first heap   total 153600K, used 106846K [0x0000000704a00000, 0x0000000800000000)
  region size 2048K, 38 young (77824K), 6 survivors (12288K)
 Metaspace       used 54892K, committed 55232K, reserved 1114112K
  class space    used 6355K, committed 6528K, reserved 1048576K
}
Event: 3.879 GC heap after
{Heap after GC invocations=11 (full 0):
 garbage-first heap   total 153600K, used 57232K [0x0000000704a00000, 0x0000000800000000)
  region size 2048K, 5 young (10240K), 5 survivors (10240K)
 Metaspace       used 54892K, committed 55232K, reserved 1114112K
  class space    used 6355K, committed 6528K, reserved 1048576K
}
Event: 4.668 GC heap before
{Heap before GC invocations=11 (full 0):
 garbage-first heap   total 153600K, used 112528K [0x0000000704a00000, 0x0000000800000000)
  region size 2048K, 32 young (65536K), 5 survivors (10240K)
 Metaspace       used 57751K, committed 58112K, reserved 1114112K
  class space    used 6630K, committed 6784K, reserved 1048576K
}
Event: 4.680 GC heap after
{Heap after GC invocations=12 (full 0):
 garbage-first heap   total 153600K, used 67584K [0x0000000704a00000, 0x0000000800000000)
  region size 2048K, 4 young (8192K), 4 survivors (8192K)
 Metaspace       used 57751K, committed 58112K, reserved 1114112K
  class space    used 6630K, committed 6784K, reserved 1048576K
}
Event: 5.199 GC heap before
{Heap before GC invocations=12 (full 0):
 garbage-first heap   total 153600K, used 120832K [0x0000000704a00000, 0x0000000800000000)
  region size 2048K, 30 young (61440K), 4 survivors (8192K)
 Metaspace       used 58585K, committed 58880K, reserved 1114112K
  class space    used 6654K, committed 6784K, reserved 1048576K
}
Event: 5.210 GC heap after
{Heap after GC invocations=13 (full 0):
 garbage-first heap   total 184320K, used 77824K [0x0000000704a00000, 0x0000000800000000)
  region size 2048K, 4 young (8192K), 4 survivors (8192K)
 Metaspace       used 58585K, committed 58880K, reserved 1114112K
  class space    used 6654K, committed 6784K, reserved 1048576K
}
Event: 6.013 GC heap before
{Heap before GC invocations=13 (full 0):
 garbage-first heap   total 184320K, used 145408K [0x0000000704a00000, 0x0000000800000000)
  region size 2048K, 37 young (75776K), 4 survivors (8192K)
 Metaspace       used 59330K, committed 59648K, reserved 1114112K
  class space    used 6684K, committed 6848K, reserved 1048576K
}
Event: 6.021 GC heap after
{Heap after GC invocations=14 (full 0):
 garbage-first heap   total 184320K, used 84240K [0x0000000704a00000, 0x0000000800000000)
  region size 2048K, 3 young (6144K), 3 survivors (6144K)
 Metaspace       used 59330K, committed 59648K, reserved 1114112K
  class space    used 6684K, committed 6848K, reserved 1048576K
}
Event: 6.152 GC heap before
{Heap before GC invocations=14 (full 0):
 garbage-first heap   total 184320K, used 94480K [0x0000000704a00000, 0x0000000800000000)
  region size 2048K, 9 young (18432K), 3 survivors (6144K)
 Metaspace       used 59822K, committed 60160K, reserved 1114112K
  class space    used 6723K, committed 6912K, reserved 1048576K
}
Event: 6.156 GC heap after
{Heap after GC invocations=15 (full 0):
 garbage-first heap   total 184320K, used 84419K [0x0000000704a00000, 0x0000000800000000)
  region size 2048K, 3 young (6144K), 3 survivors (6144K)
 Metaspace       used 59822K, committed 60160K, reserved 1114112K
  class space    used 6723K, committed 6912K, reserved 1048576K
}
Event: 7.162 GC heap before
{Heap before GC invocations=16 (full 0):
 garbage-first heap   total 184320K, used 154051K [0x0000000704a00000, 0x0000000800000000)
  region size 2048K, 37 young (75776K), 3 survivors (6144K)
 Metaspace       used 63614K, committed 63872K, reserved 1114112K
  class space    used 7024K, committed 7168K, reserved 1048576K
}
Event: 7.172 GC heap after
{Heap after GC invocations=17 (full 0):
 garbage-first heap   total 184320K, used 94635K [0x0000000704a00000, 0x0000000800000000)
  region size 2048K, 5 young (10240K), 5 survivors (10240K)
 Metaspace       used 63614K, committed 63872K, reserved 1114112K
  class space    used 7024K, committed 7168K, reserved 1048576K
}

