# JRE version: OpenJDK Runtime Environment (21.0.8) (build 21.0.8+-14018985-b1038.68)
# Java VM: OpenJDK 64-Bit Server VM (21.0.8+-14018985-b1038.68, mixed mode, tiered, compressed oops, compressed class ptrs, g1 gc, windows-amd64)
GC Precious Log:
 CardTable entry size: 512
 Card Set container configuration: InlinePtr #cards 5 size 8 Array Of Cards #cards 12 size 40 Howl #buckets 4 coarsen threshold 1843 Howl Bitmap #cards 512 size 80 coarsen threshold 460 Card regions per heap region 1 cards per card region 2048
 CPUs: 12 total, 12 available
 Memory: 16087M
 Large Page Support: Disabled
 NUMA Support: Disabled
 Compressed Oops: Enabled (32-bit)
 Heap Region Size: 1M
 Heap Min Capacity: 8M
 Heap Initial Capacity: 252M
 Heap Max Capacity: 2G
 Pre-touch: Disabled
 Parallel Workers: 10
 Concurrent Workers: 3
 Concurrent Refinement Workers: 10
 Periodic GC: Disabled
Heap:
 garbage-first heap   total 302080K, used 198213K [0x0000000080000000, 0x0000000100000000)
  region size 1024K, 7 young (7168K), 7 survivors (7168K)
 Metaspace       used 153803K, committed 156224K, reserved 1245184K
  class space    used 21449K, committed 22656K, reserved 1048576K
GC Heap History (20 events):
Event: 25.062 GC heap after
{Heap after GC invocations=60 (full 0):
 garbage-first heap   total 258048K, used 139453K [0x0000000080000000, 0x0000000100000000)
  region size 1024K, 12 young (12288K), 12 survivors (12288K)
 Metaspace       used 128288K, committed 130560K, reserved 1179648K
  class space    used 17843K, committed 18944K, reserved 1048576K
}
Event: 25.254 GC heap before
{Heap before GC invocations=60 (full 0):
 garbage-first heap   total 258048K, used 229565K [0x0000000080000000, 0x0000000100000000)
  region size 1024K, 101 young (103424K), 12 survivors (12288K)
 Metaspace       used 129207K, committed 131520K, reserved 1179648K
  class space    used 17983K, committed 19136K, reserved 1048576K
}
Event: 25.261 GC heap after
{Heap after GC invocations=61 (full 0):
 garbage-first heap   total 258048K, used 142352K [0x0000000080000000, 0x0000000100000000)
  region size 1024K, 6 young (6144K), 6 survivors (6144K)
 Metaspace       used 129207K, committed 131520K, reserved 1179648K
  class space    used 17983K, committed 19136K, reserved 1048576K
}
Event: 25.534 GC heap before
{Heap before GC invocations=62 (full 0):
 garbage-first heap   total 258048K, used 235536K [0x0000000080000000, 0x0000000100000000)
  region size 1024K, 98 young (100352K), 6 survivors (6144K)
 Metaspace       used 129438K, committed 131776K, reserved 1179648K
  class space    used 18021K, committed 19200K, reserved 1048576K
}
Event: 25.539 GC heap after
{Heap after GC invocations=63 (full 0):
 garbage-first heap   total 258048K, used 144587K [0x0000000080000000, 0x0000000100000000)
  region size 1024K, 8 young (8192K), 8 survivors (8192K)
 Metaspace       used 129438K, committed 131776K, reserved 1179648K
  class space    used 18021K, committed 19200K, reserved 1048576K
}
Event: 620.675 GC heap before
{Heap before GC invocations=63 (full 0):
 garbage-first heap   total 258048K, used 233675K [0x0000000080000000, 0x0000000100000000)
  region size 1024K, 96 young (98304K), 8 survivors (8192K)
 Metaspace       used 136341K, committed 138688K, reserved 1179648K
  class space    used 18675K, committed 19840K, reserved 1048576K
}
Event: 620.683 GC heap after
{Heap after GC invocations=64 (full 0):
 garbage-first heap   total 258048K, used 145117K [0x0000000080000000, 0x0000000100000000)
  region size 1024K, 7 young (7168K), 7 survivors (7168K)
 Metaspace       used 136341K, committed 138688K, reserved 1179648K
  class space    used 18675K, committed 19840K, reserved 1048576K
}
Event: 621.388 GC heap before
{Heap before GC invocations=64 (full 0):
 garbage-first heap   total 258048K, used 235229K [0x0000000080000000, 0x0000000100000000)
  region size 1024K, 95 young (97280K), 7 survivors (7168K)
 Metaspace       used 136811K, committed 139136K, reserved 1179648K
  class space    used 18677K, committed 19840K, reserved 1048576K
}
Event: 621.396 GC heap after
{Heap after GC invocations=65 (full 0):
 garbage-first heap   total 258048K, used 155329K [0x0000000080000000, 0x0000000100000000)
  region size 1024K, 12 young (12288K), 12 survivors (12288K)
 Metaspace       used 136811K, committed 139136K, reserved 1179648K
  class space    used 18677K, committed 19840K, reserved 1048576K
}
Event: 621.947 GC heap before
{Heap before GC invocations=66 (full 0):
 garbage-first heap   total 260096K, used 230081K [0x0000000080000000, 0x0000000100000000)
  region size 1024K, 86 young (88064K), 12 survivors (12288K)
 Metaspace       used 136978K, committed 139328K, reserved 1179648K
  class space    used 18680K, committed 19840K, reserved 1048576K
}
Event: 621.956 GC heap after
{Heap after GC invocations=67 (full 0):
 garbage-first heap   total 260096K, used 165035K [0x0000000080000000, 0x0000000100000000)
  region size 1024K, 10 young (10240K), 10 survivors (10240K)
 Metaspace       used 136978K, committed 139328K, reserved 1179648K
  class space    used 18680K, committed 19840K, reserved 1048576K
}
Event: 628.653 GC heap before
{Heap before GC invocations=67 (full 0):
 garbage-first heap   total 260096K, used 239787K [0x0000000080000000, 0x0000000100000000)
  region size 1024K, 78 young (79872K), 10 survivors (10240K)
 Metaspace       used 138232K, committed 140608K, reserved 1179648K
  class space    used 18889K, committed 20096K, reserved 1048576K
}
Event: 628.667 GC heap after
{Heap after GC invocations=68 (full 0):
 garbage-first heap   total 260096K, used 169754K [0x0000000080000000, 0x0000000100000000)
  region size 1024K, 6 young (6144K), 6 survivors (6144K)
 Metaspace       used 138232K, committed 140608K, reserved 1179648K
  class space    used 18889K, committed 20096K, reserved 1048576K
}
Event: 629.169 GC heap before
{Heap before GC invocations=68 (full 0):
 garbage-first heap   total 260096K, used 238362K [0x0000000080000000, 0x0000000100000000)
  region size 1024K, 74 young (75776K), 6 survivors (6144K)
 Metaspace       used 142719K, committed 145088K, reserved 1179648K
  class space    used 19612K, committed 20800K, reserved 1048576K
}
Event: 629.175 GC heap after
{Heap after GC invocations=69 (full 0):
 garbage-first heap   total 260096K, used 180434K [0x0000000080000000, 0x0000000100000000)
  region size 1024K, 10 young (10240K), 10 survivors (10240K)
 Metaspace       used 142719K, committed 145088K, reserved 1179648K
  class space    used 19612K, committed 20800K, reserved 1048576K
}
Event: 629.367 GC heap before
{Heap before GC invocations=70 (full 0):
 garbage-first heap   total 302080K, used 231634K [0x0000000080000000, 0x0000000100000000)
  region size 1024K, 61 young (62464K), 10 survivors (10240K)
 Metaspace       used 144514K, committed 146880K, reserved 1179648K
  class space    used 19946K, committed 21120K, reserved 1048576K
}
Event: 629.389 GC heap after
{Heap after GC invocations=71 (full 0):
 garbage-first heap   total 302080K, used 195219K [0x0000000080000000, 0x0000000100000000)
  region size 1024K, 8 young (8192K), 8 survivors (8192K)
 Metaspace       used 144514K, committed 146880K, reserved 1179648K
  class space    used 19946K, committed 21120K, reserved 1048576K
}
Event: 629.762 GC heap before
{Heap before GC invocations=71 (full 0):
 garbage-first heap   total 302080K, used 264851K [0x0000000080000000, 0x0000000100000000)
  region size 1024K, 77 young (78848K), 8 survivors (8192K)
 Metaspace       used 148720K, committed 151104K, reserved 1179648K
  class space    used 20566K, committed 21760K, reserved 1048576K
}
Event: 629.778 GC heap after
{Heap after GC invocations=72 (full 0):
 garbage-first heap   total 302080K, used 191604K [0x0000000080000000, 0x0000000100000000)
  region size 1024K, 10 young (10240K), 10 survivors (10240K)
 Metaspace       used 148720K, committed 151104K, reserved 1179648K
  class space    used 20566K, committed 21760K, reserved 1048576K
}
Event: 630.061 GC heap before
{Heap before GC invocations=72 (full 0):
 garbage-first heap   total 302080K, used 264308K [0x0000000080000000, 0x0000000100000000)
  region size 1024K, 82 young (83968K), 10 survivors (10240K)
 Metaspace       used 153803K, committed 156224K, reserved 1245184K
  class space    used 21449K, committed 22656K, reserved 1048576K
}

