# JRE version: OpenJDK Runtime Environment (21.0.8) (build 21.0.8+-14018985-b1038.68)
# Java VM: OpenJDK 64-Bit Server VM (21.0.8+-14018985-b1038.68, mixed mode, tiered, compressed oops, compressed class ptrs, g1 gc, windows-amd64)
GC Precious Log:
 CardTable entry size: 512
 Card Set container configuration: InlinePtr #cards 5 size 8 Array Of Cards #cards 12 size 40 Howl #buckets 4 coarsen threshold 1843 Howl Bitmap #cards 512 size 80 coarsen threshold 460 Card regions per heap region 1 cards per card region 2048
 CPUs: 12 total, 12 available
 Memory: 16087M
 Large Page Support: Disabled
 NUMA Support: Disabled
 Compressed Oops: Enabled (32-bit)
 Heap Region Size: 1M
 Heap Min Capacity: 8M
 Heap Initial Capacity: 252M
 Heap Max Capacity: 2G
 Pre-touch: Disabled
 Parallel Workers: 10
 Concurrent Workers: 3
 Concurrent Refinement Workers: 10
 Periodic GC: Disabled
Heap:
 garbage-first heap   total 326656K, used 281826K [0x0000000080000000, 0x0000000100000000)
  region size 1024K, 113 young (115712K), 13 survivors (13312K)
 Metaspace       used 136598K, committed 138304K, reserved 1179648K
  class space    used 18163K, committed 19200K, reserved 1048576K
GC Heap History (20 events):
Event: 31.221 GC heap before
{Heap before GC invocations=63 (full 0):
 garbage-first heap   total 302080K, used 270733K [0x0000000080000000, 0x0000000100000000)
  region size 1024K, 136 young (139264K), 12 survivors (12288K)
 Metaspace       used 132018K, committed 134400K, reserved 1179648K
  class space    used 17991K, committed 19136K, reserved 1048576K
}
Event: 31.231 GC heap after
{Heap after GC invocations=64 (full 0):
 garbage-first heap   total 302080K, used 157693K [0x0000000080000000, 0x0000000100000000)
  region size 1024K, 17 young (17408K), 17 survivors (17408K)
 Metaspace       used 132018K, committed 134400K, reserved 1179648K
  class space    used 17991K, committed 19136K, reserved 1048576K
}
Event: 238.406 GC heap before
{Heap before GC invocations=65 (full 0):
 garbage-first heap   total 302080K, used 267261K [0x0000000080000000, 0x0000000100000000)
  region size 1024K, 125 young (128000K), 17 survivors (17408K)
 Metaspace       used 132379K, committed 134720K, reserved 1179648K
  class space    used 17994K, committed 19136K, reserved 1048576K
}
Event: 238.417 GC heap after
{Heap after GC invocations=66 (full 0):
 garbage-first heap   total 302080K, used 164265K [0x0000000080000000, 0x0000000100000000)
  region size 1024K, 7 young (7168K), 7 survivors (7168K)
 Metaspace       used 132379K, committed 134720K, reserved 1179648K
  class space    used 17994K, committed 19136K, reserved 1048576K
}
Event: 239.135 GC heap before
{Heap before GC invocations=66 (full 0):
 garbage-first heap   total 302080K, used 276905K [0x0000000080000000, 0x0000000100000000)
  region size 1024K, 117 young (119808K), 7 survivors (7168K)
 Metaspace       used 132679K, committed 134976K, reserved 1179648K
  class space    used 17999K, committed 19136K, reserved 1048576K
}
Event: 239.146 GC heap after
{Heap after GC invocations=67 (full 0):
 garbage-first heap   total 302080K, used 176395K [0x0000000080000000, 0x0000000100000000)
  region size 1024K, 15 young (15360K), 15 survivors (15360K)
 Metaspace       used 132679K, committed 134976K, reserved 1179648K
  class space    used 17999K, committed 19136K, reserved 1048576K
}
Event: 1880.163 GC heap before
{Heap before GC invocations=67 (full 0):
 garbage-first heap   total 302080K, used 269579K [0x0000000080000000, 0x0000000100000000)
  region size 1024K, 106 young (108544K), 15 survivors (15360K)
 Metaspace       used 132939K, committed 135232K, reserved 1179648K
  class space    used 18001K, committed 19136K, reserved 1048576K
}
Event: 1880.221 GC heap after
{Heap after GC invocations=68 (full 0):
 garbage-first heap   total 302080K, used 181759K [0x0000000080000000, 0x0000000100000000)
  region size 1024K, 5 young (5120K), 5 survivors (5120K)
 Metaspace       used 132939K, committed 135232K, reserved 1179648K
  class space    used 18001K, committed 19136K, reserved 1048576K
}
Event: 2867.901 GC heap before
{Heap before GC invocations=69 (full 0):
 garbage-first heap   total 304128K, used 276991K [0x0000000080000000, 0x0000000100000000)
  region size 1024K, 99 young (101376K), 5 survivors (5120K)
 Metaspace       used 131457K, committed 135232K, reserved 1179648K
  class space    used 17577K, committed 19136K, reserved 1048576K
}
Event: 2867.909 GC heap after
{Heap after GC invocations=70 (full 0):
 garbage-first heap   total 304128K, used 189121K [0x0000000080000000, 0x0000000100000000)
  region size 1024K, 12 young (12288K), 12 survivors (12288K)
 Metaspace       used 131457K, committed 135232K, reserved 1179648K
  class space    used 17577K, committed 19136K, reserved 1048576K
}
Event: 2868.614 GC heap before
{Heap before GC invocations=70 (full 0):
 garbage-first heap   total 304128K, used 274113K [0x0000000080000000, 0x0000000100000000)
  region size 1024K, 96 young (98304K), 12 survivors (12288K)
 Metaspace       used 131593K, committed 135296K, reserved 1179648K
  class space    used 17581K, committed 19136K, reserved 1048576K
}
Event: 2868.633 GC heap after
{Heap after GC invocations=71 (full 0):
 garbage-first heap   total 313344K, used 183682K [0x0000000080000000, 0x0000000100000000)
  region size 1024K, 11 young (11264K), 11 survivors (11264K)
 Metaspace       used 131593K, committed 135296K, reserved 1179648K
  class space    used 17581K, committed 19136K, reserved 1048576K
}
Event: 3492.607 GC heap before
{Heap before GC invocations=71 (full 0):
 garbage-first heap   total 313344K, used 284034K [0x0000000080000000, 0x0000000100000000)
  region size 1024K, 110 young (112640K), 11 survivors (11264K)
 Metaspace       used 131749K, committed 135296K, reserved 1179648K
  class space    used 17589K, committed 19136K, reserved 1048576K
}
Event: 3492.616 GC heap after
{Heap after GC invocations=72 (full 0):
 garbage-first heap   total 313344K, used 189589K [0x0000000080000000, 0x0000000100000000)
  region size 1024K, 7 young (7168K), 7 survivors (7168K)
 Metaspace       used 131749K, committed 135296K, reserved 1179648K
  class space    used 17589K, committed 19136K, reserved 1048576K
}
Event: 3493.107 GC heap before
{Heap before GC invocations=72 (full 0):
 garbage-first heap   total 313344K, used 287893K [0x0000000080000000, 0x0000000100000000)
  region size 1024K, 103 young (105472K), 7 survivors (7168K)
 Metaspace       used 131935K, committed 135296K, reserved 1179648K
  class space    used 17592K, committed 19136K, reserved 1048576K
}
Event: 3493.116 GC heap after
{Heap after GC invocations=73 (full 0):
 garbage-first heap   total 313344K, used 201973K [0x0000000080000000, 0x0000000100000000)
  region size 1024K, 13 young (13312K), 13 survivors (13312K)
 Metaspace       used 131935K, committed 135296K, reserved 1179648K
  class space    used 17592K, committed 19136K, reserved 1048576K
}
Event: 3511.188 GC heap before
{Heap before GC invocations=74 (full 0):
 garbage-first heap   total 326656K, used 273653K [0x0000000080000000, 0x0000000100000000)
  region size 1024K, 91 young (93184K), 13 survivors (13312K)
 Metaspace       used 136077K, committed 137856K, reserved 1179648K
  class space    used 18123K, committed 19200K, reserved 1048576K
}
Event: 3511.199 GC heap after
{Heap after GC invocations=75 (full 0):
 garbage-first heap   total 326656K, used 201691K [0x0000000080000000, 0x0000000100000000)
  region size 1024K, 6 young (6144K), 6 survivors (6144K)
 Metaspace       used 136077K, committed 137856K, reserved 1179648K
  class space    used 18123K, committed 19200K, reserved 1048576K
}
Event: 3640.372 GC heap before
{Heap before GC invocations=75 (full 0):
 garbage-first heap   total 326656K, used 298971K [0x0000000080000000, 0x0000000100000000)
  region size 1024K, 102 young (104448K), 6 survivors (6144K)
 Metaspace       used 136442K, committed 138176K, reserved 1179648K
  class space    used 18153K, committed 19200K, reserved 1048576K
}
Event: 3640.383 GC heap after
{Heap after GC invocations=76 (full 0):
 garbage-first heap   total 326656K, used 181474K [0x0000000080000000, 0x0000000100000000)
  region size 1024K, 13 young (13312K), 13 survivors (13312K)
 Metaspace       used 136442K, committed 138176K, reserved 1179648K
  class space    used 18153K, committed 19200K, reserved 1048576K
}

