# JRE version: OpenJDK Runtime Environment (21.0.8) (build 21.0.8+-14018985-b1038.68)
# Java VM: OpenJDK 64-Bit Server VM (21.0.8+-14018985-b1038.68, mixed mode, tiered, compressed oops, compressed class ptrs, g1 gc, windows-amd64)
GC Precious Log:
 CardTable entry size: 512
 Card Set container configuration: InlinePtr #cards 5 size 8 Array Of Cards #cards 12 size 40 Howl #buckets 4 coarsen threshold 1843 Howl Bitmap #cards 512 size 80 coarsen threshold 460 Card regions per heap region 1 cards per card region 2048
 CPUs: 12 total, 12 available
 Memory: 16087M
 Large Page Support: Disabled
 NUMA Support: Disabled
 Compressed Oops: Enabled (32-bit)
 Heap Region Size: 1M
 Heap Min Capacity: 8M
 Heap Initial Capacity: 252M
 Heap Max Capacity: 2G
 Pre-touch: Disabled
 Parallel Workers: 10
 Concurrent Workers: 3
 Concurrent Refinement Workers: 10
 Periodic GC: Disabled
Heap:
 garbage-first heap   total 273408K, used 178077K [0x0000000080000000, 0x0000000100000000)
  region size 1024K, 36 young (36864K), 14 survivors (14336K)
 Metaspace       used 136948K, committed 139328K, reserved 1179648K
  class space    used 18760K, committed 19904K, reserved 1048576K
GC Heap History (20 events):
Event: 15.986 GC heap before
{Heap before GC invocations=40 (full 0):
 garbage-first heap   total 200704K, used 181580K [0x0000000080000000, 0x0000000100000000)
  region size 1024K, 59 young (60416K), 5 survivors (5120K)
 Metaspace       used 123476K, committed 125696K, reserved 1179648K
  class space    used 17165K, committed 18240K, reserved 1048576K
}
Event: 15.989 GC heap after
{Heap after GC invocations=41 (full 0):
 garbage-first heap   total 200704K, used 127985K [0x0000000080000000, 0x0000000100000000)
  region size 1024K, 5 young (5120K), 5 survivors (5120K)
 Metaspace       used 123476K, committed 125696K, reserved 1179648K
  class space    used 17165K, committed 18240K, reserved 1048576K
}
Event: 16.217 GC heap before
{Heap before GC invocations=42 (full 0):
 garbage-first heap   total 214016K, used 183281K [0x0000000080000000, 0x0000000100000000)
  region size 1024K, 60 young (61440K), 5 survivors (5120K)
 Metaspace       used 123776K, committed 126080K, reserved 1179648K
  class space    used 17235K, committed 18368K, reserved 1048576K
}
Event: 16.221 GC heap after
{Heap after GC invocations=43 (full 0):
 garbage-first heap   total 214016K, used 130216K [0x0000000080000000, 0x0000000100000000)
  region size 1024K, 6 young (6144K), 6 survivors (6144K)
 Metaspace       used 123776K, committed 126080K, reserved 1179648K
  class space    used 17235K, committed 18368K, reserved 1048576K
}
Event: 16.462 GC heap before
{Heap before GC invocations=43 (full 0):
 garbage-first heap   total 214016K, used 194728K [0x0000000080000000, 0x0000000100000000)
  region size 1024K, 70 young (71680K), 6 survivors (6144K)
 Metaspace       used 124029K, committed 126208K, reserved 1179648K
  class space    used 17268K, committed 18368K, reserved 1048576K
}
Event: 16.467 GC heap after
{Heap after GC invocations=44 (full 0):
 garbage-first heap   total 214016K, used 129850K [0x0000000080000000, 0x0000000100000000)
  region size 1024K, 7 young (7168K), 7 survivors (7168K)
 Metaspace       used 124029K, committed 126208K, reserved 1179648K
  class space    used 17268K, committed 18368K, reserved 1048576K
}
Event: 16.619 GC heap before
{Heap before GC invocations=44 (full 0):
 garbage-first heap   total 214016K, used 194362K [0x0000000080000000, 0x0000000100000000)
  region size 1024K, 71 young (72704K), 7 survivors (7168K)
 Metaspace       used 124109K, committed 126400K, reserved 1179648K
  class space    used 17281K, committed 18432K, reserved 1048576K
}
Event: 16.623 GC heap after
{Heap after GC invocations=45 (full 0):
 garbage-first heap   total 214016K, used 132217K [0x0000000080000000, 0x0000000100000000)
  region size 1024K, 5 young (5120K), 5 survivors (5120K)
 Metaspace       used 124109K, committed 126400K, reserved 1179648K
  class space    used 17281K, committed 18432K, reserved 1048576K
}
Event: 16.797 GC heap before
{Heap before GC invocations=46 (full 0):
 garbage-first heap   total 222208K, used 194681K [0x0000000080000000, 0x0000000100000000)
  region size 1024K, 67 young (68608K), 5 survivors (5120K)
 Metaspace       used 124137K, committed 126464K, reserved 1179648K
  class space    used 17281K, committed 18432K, reserved 1048576K
}
Event: 16.801 GC heap after
{Heap after GC invocations=47 (full 0):
 garbage-first heap   total 222208K, used 134399K [0x0000000080000000, 0x0000000100000000)
  region size 1024K, 8 young (8192K), 8 survivors (8192K)
 Metaspace       used 124137K, committed 126464K, reserved 1179648K
  class space    used 17281K, committed 18432K, reserved 1048576K
}
Event: 17.114 GC heap before
{Heap before GC invocations=47 (full 0):
 garbage-first heap   total 222208K, used 198911K [0x0000000080000000, 0x0000000100000000)
  region size 1024K, 72 young (73728K), 8 survivors (8192K)
 Metaspace       used 124958K, committed 127232K, reserved 1179648K
  class space    used 17415K, committed 18560K, reserved 1048576K
}
Event: 17.120 GC heap after
{Heap after GC invocations=48 (full 0):
 garbage-first heap   total 273408K, used 134983K [0x0000000080000000, 0x0000000100000000)
  region size 1024K, 6 young (6144K), 6 survivors (6144K)
 Metaspace       used 124958K, committed 127232K, reserved 1179648K
  class space    used 17415K, committed 18560K, reserved 1048576K
}
Event: 17.664 GC heap before
{Heap before GC invocations=48 (full 0):
 garbage-first heap   total 273408K, used 245575K [0x0000000080000000, 0x0000000100000000)
  region size 1024K, 115 young (117760K), 6 survivors (6144K)
 Metaspace       used 128167K, committed 130432K, reserved 1179648K
  class space    used 17812K, committed 18944K, reserved 1048576K
}
Event: 17.669 GC heap after
{Heap after GC invocations=49 (full 0):
 garbage-first heap   total 273408K, used 140158K [0x0000000080000000, 0x0000000100000000)
  region size 1024K, 11 young (11264K), 11 survivors (11264K)
 Metaspace       used 128167K, committed 130432K, reserved 1179648K
  class space    used 17812K, committed 18944K, reserved 1048576K
}
Event: 17.882 GC heap before
{Heap before GC invocations=49 (full 0):
 garbage-first heap   total 273408K, used 243582K [0x0000000080000000, 0x0000000100000000)
  region size 1024K, 113 young (115712K), 11 survivors (11264K)
 Metaspace       used 128436K, committed 130752K, reserved 1179648K
  class space    used 17867K, committed 19008K, reserved 1048576K
}
Event: 17.888 GC heap after
{Heap after GC invocations=50 (full 0):
 garbage-first heap   total 273408K, used 142717K [0x0000000080000000, 0x0000000100000000)
  region size 1024K, 11 young (11264K), 11 survivors (11264K)
 Metaspace       used 128436K, committed 130752K, reserved 1179648K
  class space    used 17867K, committed 19008K, reserved 1048576K
}
Event: 72.009 GC heap before
{Heap before GC invocations=50 (full 0):
 garbage-first heap   total 273408K, used 245117K [0x0000000080000000, 0x0000000100000000)
  region size 1024K, 112 young (114688K), 11 survivors (11264K)
 Metaspace       used 136451K, committed 138816K, reserved 1179648K
  class space    used 18754K, committed 19904K, reserved 1048576K
}
Event: 72.014 GC heap after
{Heap after GC invocations=51 (full 0):
 garbage-first heap   total 273408K, used 145124K [0x0000000080000000, 0x0000000100000000)
  region size 1024K, 8 young (8192K), 8 survivors (8192K)
 Metaspace       used 136451K, committed 138816K, reserved 1179648K
  class space    used 18754K, committed 19904K, reserved 1048576K
}
Event: 75.061 GC heap before
{Heap before GC invocations=52 (full 0):
 garbage-first heap   total 273408K, used 250596K [0x0000000080000000, 0x0000000100000000)
  region size 1024K, 111 young (113664K), 8 survivors (8192K)
 Metaspace       used 136886K, committed 139264K, reserved 1179648K
  class space    used 18760K, committed 19904K, reserved 1048576K
}
Event: 75.073 GC heap after
{Heap after GC invocations=53 (full 0):
 garbage-first heap   total 273408K, used 157597K [0x0000000080000000, 0x0000000100000000)
  region size 1024K, 14 young (14336K), 14 survivors (14336K)
 Metaspace       used 136886K, committed 139264K, reserved 1179648K
  class space    used 18760K, committed 19904K, reserved 1048576K
}

