# JRE version: OpenJDK Runtime Environment (21.0.8) (build 21.0.8+-14018985-b1038.68)
# Java VM: OpenJDK 64-Bit Server VM (21.0.8+-14018985-b1038.68, mixed mode, tiered, compressed oops, compressed class ptrs, g1 gc, windows-amd64)
GC Precious Log:
 CardTable entry size: 512
 Card Set container configuration: InlinePtr #cards 5 size 8 Array Of Cards #cards 12 size 40 Howl #buckets 4 coarsen threshold 1843 Howl Bitmap #cards 512 size 80 coarsen threshold 460 Card regions per heap region 1 cards per card region 2048
 CPUs: 12 total, 12 available
 Memory: 16087M
 Large Page Support: Disabled
 NUMA Support: Disabled
 Compressed Oops: Enabled (32-bit)
 Heap Region Size: 1M
 Heap Min Capacity: 8M
 Heap Initial Capacity: 252M
 Heap Max Capacity: 2G
 Pre-touch: Disabled
 Parallel Workers: 10
 Concurrent Workers: 3
 Concurrent Refinement Workers: 10
 Periodic GC: Disabled
Heap:
 garbage-first heap   total 416768K, used 251233K [0x0000000080000000, 0x0000000100000000)
  region size 1024K, 106 young (108544K), 3 survivors (3072K)
 Metaspace       used 134669K, committed 136960K, reserved 1179648K
  class space    used 18447K, committed 19584K, reserved 1048576K
GC Heap History (20 events):
Event: 17.378 GC heap before
{Heap before GC invocations=44 (full 0):
 garbage-first heap   total 198656K, used 178892K [0x0000000080000000, 0x0000000100000000)
  region size 1024K, 58 young (59392K), 7 survivors (7168K)
 Metaspace       used 123337K, committed 125504K, reserved 1179648K
  class space    used 17138K, committed 18176K, reserved 1048576K
}
Event: 17.381 GC heap after
{Heap after GC invocations=45 (full 0):
 garbage-first heap   total 198656K, used 129534K [0x0000000080000000, 0x0000000100000000)
  region size 1024K, 5 young (5120K), 5 survivors (5120K)
 Metaspace       used 123337K, committed 125504K, reserved 1179648K
  class space    used 17138K, committed 18176K, reserved 1048576K
}
Event: 17.536 GC heap before
{Heap before GC invocations=46 (full 0):
 garbage-first heap   total 217088K, used 179710K [0x0000000080000000, 0x0000000100000000)
  region size 1024K, 55 young (56320K), 5 survivors (5120K)
 Metaspace       used 123546K, committed 125824K, reserved 1179648K
  class space    used 17186K, committed 18304K, reserved 1048576K
}
Event: 17.539 GC heap after
{Heap after GC invocations=47 (full 0):
 garbage-first heap   total 217088K, used 130325K [0x0000000080000000, 0x0000000100000000)
  region size 1024K, 4 young (4096K), 4 survivors (4096K)
 Metaspace       used 123546K, committed 125824K, reserved 1179648K
  class space    used 17186K, committed 18304K, reserved 1048576K
}
Event: 17.750 GC heap before
{Heap before GC invocations=47 (full 0):
 garbage-first heap   total 217088K, used 195861K [0x0000000080000000, 0x0000000100000000)
  region size 1024K, 69 young (70656K), 4 survivors (4096K)
 Metaspace       used 123870K, committed 126080K, reserved 1179648K
  class space    used 17240K, committed 18368K, reserved 1048576K
}
Event: 17.755 GC heap after
{Heap after GC invocations=48 (full 0):
 garbage-first heap   total 217088K, used 131398K [0x0000000080000000, 0x0000000100000000)
  region size 1024K, 7 young (7168K), 7 survivors (7168K)
 Metaspace       used 123870K, committed 126080K, reserved 1179648K
  class space    used 17240K, committed 18368K, reserved 1048576K
}
Event: 17.931 GC heap before
{Heap before GC invocations=48 (full 0):
 garbage-first heap   total 217088K, used 195910K [0x0000000080000000, 0x0000000100000000)
  region size 1024K, 71 young (72704K), 7 survivors (7168K)
 Metaspace       used 123986K, committed 126272K, reserved 1179648K
  class space    used 17254K, committed 18368K, reserved 1048576K
}
Event: 17.935 GC heap after
{Heap after GC invocations=49 (full 0):
 garbage-first heap   total 217088K, used 134168K [0x0000000080000000, 0x0000000100000000)
  region size 1024K, 6 young (6144K), 6 survivors (6144K)
 Metaspace       used 123986K, committed 126272K, reserved 1179648K
  class space    used 17254K, committed 18368K, reserved 1048576K
}
Event: 18.071 GC heap before
{Heap before GC invocations=50 (full 0):
 garbage-first heap   total 225280K, used 197656K [0x0000000080000000, 0x0000000100000000)
  region size 1024K, 69 young (70656K), 6 survivors (6144K)
 Metaspace       used 123989K, committed 126272K, reserved 1179648K
  class space    used 17254K, committed 18368K, reserved 1048576K
}
Event: 18.074 GC heap after
{Heap after GC invocations=51 (full 0):
 garbage-first heap   total 225280K, used 135621K [0x0000000080000000, 0x0000000100000000)
  region size 1024K, 4 young (4096K), 4 survivors (4096K)
 Metaspace       used 123989K, committed 126272K, reserved 1179648K
  class space    used 17254K, committed 18368K, reserved 1048576K
}
Event: 18.327 GC heap before
{Heap before GC invocations=51 (full 0):
 garbage-first heap   total 225280K, used 207301K [0x0000000080000000, 0x0000000100000000)
  region size 1024K, 75 young (76800K), 4 survivors (4096K)
 Metaspace       used 124297K, committed 126592K, reserved 1179648K
  class space    used 17292K, committed 18432K, reserved 1048576K
}
Event: 18.333 GC heap after
{Heap after GC invocations=52 (full 0):
 garbage-first heap   total 296960K, used 136649K [0x0000000080000000, 0x0000000100000000)
  region size 1024K, 8 young (8192K), 8 survivors (8192K)
 Metaspace       used 124297K, committed 126592K, reserved 1179648K
  class space    used 17292K, committed 18432K, reserved 1048576K
}
Event: 18.606 GC heap before
{Heap before GC invocations=52 (full 0):
 garbage-first heap   total 296960K, used 271817K [0x0000000080000000, 0x0000000100000000)
  region size 1024K, 141 young (144384K), 8 survivors (8192K)
 Metaspace       used 124408K, committed 126720K, reserved 1179648K
  class space    used 17301K, committed 18432K, reserved 1048576K
}
Event: 18.612 GC heap after
{Heap after GC invocations=53 (full 0):
 garbage-first heap   total 296960K, used 140207K [0x0000000080000000, 0x0000000100000000)
  region size 1024K, 11 young (11264K), 11 survivors (11264K)
 Metaspace       used 124408K, committed 126720K, reserved 1179648K
  class space    used 17301K, committed 18432K, reserved 1048576K
}
Event: 19.232 GC heap before
{Heap before GC invocations=53 (full 0):
 garbage-first heap   total 296960K, used 269231K [0x0000000080000000, 0x0000000100000000)
  region size 1024K, 138 young (141312K), 11 survivors (11264K)
 Metaspace       used 125499K, committed 127744K, reserved 1179648K
  class space    used 17461K, committed 18560K, reserved 1048576K
}
Event: 19.240 GC heap after
{Heap after GC invocations=54 (full 0):
 garbage-first heap   total 296960K, used 146134K [0x0000000080000000, 0x0000000100000000)
  region size 1024K, 16 young (16384K), 16 survivors (16384K)
 Metaspace       used 125499K, committed 127744K, reserved 1179648K
  class space    used 17461K, committed 18560K, reserved 1048576K
}
Event: 19.526 GC heap before
{Heap before GC invocations=54 (full 0):
 garbage-first heap   total 296960K, used 162518K [0x0000000080000000, 0x0000000100000000)
  region size 1024K, 34 young (34816K), 16 survivors (16384K)
 Metaspace       used 127357K, committed 129600K, reserved 1179648K
  class space    used 17705K, committed 18816K, reserved 1048576K
}
Event: 19.540 GC heap after
{Heap after GC invocations=55 (full 0):
 garbage-first heap   total 296960K, used 147182K [0x0000000080000000, 0x0000000100000000)
  region size 1024K, 10 young (10240K), 10 survivors (10240K)
 Metaspace       used 127357K, committed 129600K, reserved 1179648K
  class space    used 17705K, committed 18816K, reserved 1048576K
}
Event: 19.907 GC heap before
{Heap before GC invocations=56 (full 0):
 garbage-first heap   total 406528K, used 404206K [0x0000000080000000, 0x0000000100000000)
  region size 1024K, 17 young (17408K), 10 survivors (10240K)
 Metaspace       used 127927K, committed 130176K, reserved 1179648K
  class space    used 17790K, committed 18880K, reserved 1048576K
}
Event: 19.919 GC heap after
{Heap after GC invocations=57 (full 0):
 garbage-first heap   total 416768K, used 147809K [0x0000000080000000, 0x0000000100000000)
  region size 1024K, 3 young (3072K), 3 survivors (3072K)
 Metaspace       used 127927K, committed 130176K, reserved 1179648K
  class space    used 17790K, committed 18880K, reserved 1048576K
}

